<?xml version="1.0" encoding="UTF-8"?>
<!-- Generated by org.testng.reporters.JUnitReportReporter -->
<testsuite hostname="DESKTOP-PP61822" failures="0" tests="1" name="com.test.classes.TestTwo" time="21.001" errors="0" timestamp="2021-06-19T20:50:14 IST" skipped="0">
  <testcase classname="com.test.classes.TestTwo" name="verifySelectedPlant" time="21.001"/>
  <system-out/>
</testsuite> <!-- com.test.classes.TestTwo -->
