<?xml version="1.0" encoding="UTF-8"?>
<!-- Generated by org.testng.reporters.JUnitReportReporter -->
<testsuite hostname="DESKTOP-PP61822" failures="0" tests="1" name="com.test.classes.TestFour" time="30.943" errors="0" timestamp="2021-06-20T19:25:44 IST" skipped="0">
  <testcase classname="com.test.classes.TestFour" name="VerifyItemsInCart" time="30.943"/>
  <system-out/>
</testsuite> <!-- com.test.classes.TestFour -->
